  正在扫描源以查找模块依赖项...
  dispatcher.ixx
  ATM.ixx
  receiver.ixx
  interfaceMachine.ixx
  bankMachine.ixx
  TemplateDispatcher.ixx
  Messaging.ixx
  sender.ixx
  WithDraw.ixx
  mutex
  string
  condition_variable
  queue
  iostream
  memory
  正在编译...
  mutex
  string
  memory
  queue
  condition_variable
  iostream
  Messaging.ixx
  TemplateDispatcher.ixx
  sender.ixx
  dispatcher.ixx
  WithDraw.ixx
  receiver.ixx
  interfaceMachine.ixx
  ATM.ixx
  bankMachine.ixx
  ResourcePool.vcxproj -> D:\project\repos\ThreadLearning\x64\Debug\ResourcePool.lib
