d:\project\repos\threadlearning\x64\debug\resourcepool.lib
d:\project\repos\resourcepool\x64\debug\sender.ixx.ifc
d:\project\repos\resourcepool\x64\debug\sender.ixx.ifc.d.json
d:\project\repos\resourcepool\x64\debug\sender.ixx.obj
d:\project\repos\resourcepool\x64\debug\iostream_i18mptvzx8unb8ww.ifc
d:\project\repos\resourcepool\x64\debug\iostream_i18mptvzx8unb8ww.ifc.d.json
d:\project\repos\resourcepool\x64\debug\iostream_i18mptvzx8unb8ww.obj
d:\project\repos\resourcepool\x64\debug\string_sydqxn2k6etwnwjg.ifc
d:\project\repos\resourcepool\x64\debug\string_sydqxn2k6etwnwjg.ifc.d.json
d:\project\repos\resourcepool\x64\debug\string_sydqxn2k6etwnwjg.obj
d:\project\repos\resourcepool\x64\debug\bankmachine.ixx.ifc
d:\project\repos\resourcepool\x64\debug\bankmachine.ixx.ifc.d.json
d:\project\repos\resourcepool\x64\debug\bankmachine.ixx.obj
d:\project\repos\resourcepool\x64\debug\mutex_25qjrfl6caza6bi5.ifc
d:\project\repos\resourcepool\x64\debug\mutex_25qjrfl6caza6bi5.ifc.d.json
d:\project\repos\resourcepool\x64\debug\mutex_25qjrfl6caza6bi5.obj
d:\project\repos\resourcepool\x64\debug\condition_variable_7pvnmkie9xj1xji7.ifc
d:\project\repos\resourcepool\x64\debug\condition_variable_7pvnmkie9xj1xji7.ifc.d.json
d:\project\repos\resourcepool\x64\debug\condition_variable_7pvnmkie9xj1xji7.obj
d:\project\repos\resourcepool\x64\debug\withdraw.ixx.ifc
d:\project\repos\resourcepool\x64\debug\withdraw.ixx.ifc.d.json
d:\project\repos\resourcepool\x64\debug\withdraw.ixx.obj
d:\project\repos\resourcepool\x64\debug\queue_ejb8khrc2s0cyrjy.ifc
d:\project\repos\resourcepool\x64\debug\queue_ejb8khrc2s0cyrjy.ifc.d.json
d:\project\repos\resourcepool\x64\debug\queue_ejb8khrc2s0cyrjy.obj
d:\project\repos\resourcepool\x64\debug\memory_jkw0h7jdswhe33j3.ifc
d:\project\repos\resourcepool\x64\debug\memory_jkw0h7jdswhe33j3.ifc.d.json
d:\project\repos\resourcepool\x64\debug\memory_jkw0h7jdswhe33j3.obj
d:\project\repos\resourcepool\x64\debug\receiver.ixx.ifc
d:\project\repos\resourcepool\x64\debug\receiver.ixx.ifc.d.json
d:\project\repos\resourcepool\x64\debug\receiver.ixx.obj
d:\project\repos\resourcepool\x64\debug\dispatcher.ixx.ifc
d:\project\repos\resourcepool\x64\debug\dispatcher.ixx.ifc.d.json
d:\project\repos\resourcepool\x64\debug\dispatcher.ixx.obj
d:\project\repos\resourcepool\x64\debug\templatedispatcher.ixx.ifc
d:\project\repos\resourcepool\x64\debug\templatedispatcher.ixx.ifc.d.json
d:\project\repos\resourcepool\x64\debug\templatedispatcher.ixx.obj
d:\project\repos\resourcepool\x64\debug\interfacemachine.ixx.ifc
d:\project\repos\resourcepool\x64\debug\interfacemachine.ixx.ifc.d.json
d:\project\repos\resourcepool\x64\debug\interfacemachine.ixx.obj
d:\project\repos\resourcepool\x64\debug\messaging.ixx.ifc
d:\project\repos\resourcepool\x64\debug\messaging.ixx.ifc.d.json
d:\project\repos\resourcepool\x64\debug\messaging.ixx.obj
d:\project\repos\resourcepool\x64\debug\atm.ixx.ifc
d:\project\repos\resourcepool\x64\debug\atm.ixx.ifc.d.json
d:\project\repos\resourcepool\x64\debug\atm.ixx.obj
d:\project\repos\resourcepool\x64\debug\withdraw.ixx.module.json
d:\project\repos\resourcepool\x64\debug\bankmachine.ixx.module.json
d:\project\repos\resourcepool\x64\debug\templatedispatcher.ixx.module.json
d:\project\repos\resourcepool\x64\debug\interfacemachine.ixx.module.json
d:\project\repos\resourcepool\x64\debug\messaging.ixx.module.json
d:\project\repos\resourcepool\x64\debug\atm.ixx.module.json
d:\project\repos\resourcepool\x64\debug\sender.ixx.module.json
d:\project\repos\resourcepool\x64\debug\receiver.ixx.module.json
d:\project\repos\resourcepool\x64\debug\dispatcher.ixx.module.json
d:\project\repos\resourcepool\x64\debug\iostream_i18mptvzx8unb8ww.module.json
d:\project\repos\resourcepool\x64\debug\string_sydqxn2k6etwnwjg.module.json
d:\project\repos\resourcepool\x64\debug\condition_variable_7pvnmkie9xj1xji7.module.json
d:\project\repos\resourcepool\x64\debug\memory_jkw0h7jdswhe33j3.module.json
d:\project\repos\resourcepool\x64\debug\queue_ejb8khrc2s0cyrjy.module.json
d:\project\repos\resourcepool\x64\debug\mutex_25qjrfl6caza6bi5.module.json
d:\project\repos\threadlearning\x64\debug\resourcepool.pdb
d:\project\repos\resourcepool\x64\debug\resourcepool.tlog\cl.command.1.tlog
d:\project\repos\resourcepool\x64\debug\resourcepool.tlog\lib-link.read.1.tlog
d:\project\repos\resourcepool\x64\debug\resourcepool.tlog\lib-link.write.1.tlog
d:\project\repos\resourcepool\x64\debug\resourcepool.tlog\lib.command.1.tlog
d:\project\repos\resourcepool\x64\debug\resourcepool.tlog\microsoft.build.cpptasks.cl.read.1.tlog
d:\project\repos\resourcepool\x64\debug\resourcepool.tlog\microsoft.build.cpptasks.cl.write.1.tlog
d:\project\repos\resourcepool\x64\debug\resourcepool_md.tlog\cl.command.1.tlog
d:\project\repos\resourcepool\x64\debug\resourcepool_md.tlog\microsoft.build.cpptasks.cl.read.1.tlog
d:\project\repos\resourcepool\x64\debug\resourcepool_md.tlog\microsoft.build.cpptasks.cl.write.1.tlog
